[35m[Appium][39m Welcome to Appium v2.5.1
[35m[Appium][39m Non-default server args:
[35m[Appium][39m { basePath: [32m'/wd/hub'[39m, loglevel: [32m'info'[39m, port: [33m59310[39m }
[35m[Appium][39m Attempting to load driver uiautomator2...
[35m[Appium][39m Appium REST http interface listener started on http://0.0.0.0:59310/wd/hub
[35m[Appium][39m You can provide the following URLs in your client code to connect to this server:
[35m[Appium][39m 	http://172.22.80.1:59310/wd/hub
[35m[Appium][39m 	http://192.168.0.10:59310/wd/hub
[35m[Appium][39m 	http://127.0.0.1:59310/wd/hub (only accessible from the same host)
[35m[Appium][39m Available drivers:
[35m[Appium][39m   - uiautomator2@3.0.1 (automationName 'UiAutomator2')
[35m[Appium][39m No plugins have been installed. Use the "appium plugin" command to install the one(s) you want to use.
[38;5;0m[HTTP][0m [37m-->[39m [37mGET[39m [37m/wd/hub/status[39m
[38;5;0m[HTTP][0m [90m{}[39m
[38;5;0m[HTTP][0m [37m<-- GET /wd/hub/status [39m[32m200[39m [90m70 ms - 110[39m
[38;5;0m[HTTP][0m [90m[39m
[38;5;0m[HTTP][0m [37m-->[39m [37mGET[39m [37m/wd/hub/status[39m
[38;5;0m[HTTP][0m [90m{}[39m
[38;5;0m[HTTP][0m [37m<-- GET /wd/hub/status [39m[32m200[39m [90m32 ms - 110[39m
[38;5;0m[HTTP][0m [90m[39m
[38;5;0m[HTTP][0m [37m-->[39m [37mPOST[39m [37m/wd/hub/session[39m
[38;5;0m[HTTP][0m [90m{"desiredCapabilities":{"appium:systemPort":59426,"appium:newCommandTimeout":1800,"appium:automationName":"uiautomator2","appium:fullReset":false,"appium:platformVersion":"10","appium:noReset":true,"appium:udid":"976568980007","appium:autoGrantPermissions":true,"appium:platformName":"ANDROID","appium:deviceName":"Xiaomi Redmi 8 (Android 10)","platformName":"Android","appium:app":"C:\\Users\\Farid\\Downloads\\instagram-lite-397-0-0-0-107.apk"},"capabilities":{"firstMatch":[{"appium:app":"C:\\Users\\Farid\\Downloads\\instagram-lite-397-0-0-0-107.apk","appium:autoGrantPermissions":true,"appium:automationName":"uiautomator2","appium:deviceName":"Xiaomi Redmi 8 (Android 10)","appium:fullReset":false,"appium:newCommandTimeout":1800,"appium:noReset":true,"appium:platformName":"ANDROID","appium:platformVersion":"10","appium:systemPort":59426,"appium:udid":"976568980007","platformName":"android"}]}}[39m
[38;5;32m[BaseDriver][0m Ignoring capability 'appium:platformName=ANDROID' and using capability 'platformName=android'
[38;5;32m[BaseDriver][0m The capabilities ["platformName"] are standard capabilities and do not require "appium:" prefix
[35m[Appium][39m Attempting to find matching driver for automationName 'uiautomator2' and platformName 'android'
[35m[Appium][39m The 'uiautomator2' driver was installed and matched caps.
[35m[Appium][39m Will require it at C:\Users\Farid\.appium\node_modules\appium-uiautomator2-driver
[38;5;16m[AppiumDriver@acef][0m Appium v2.5.1 creating new AndroidUiautomator2Driver (v3.0.1) session
[38;5;16m[AppiumDriver@acef][0m Checking BaseDriver versions for Appium and AndroidUiautomator2Driver
[38;5;16m[AppiumDriver@acef][0m Appium's BaseDriver version is 9.5.2
[38;5;16m[AppiumDriver@acef][0m AndroidUiautomator2Driver's BaseDriver version is 9.5.2
[38;5;48m[AndroidUiautomator2Driver@5e29 (76ab671b)][0m Session created with session id: 76ab671b-c653-4c5f-b0de-d2fd1890cf74
[38;5;64m[ADB][0m Found 1 'build-tools' folders under 'C:\Users\Farid\.katalon\tools\android_sdk' (newest first):
[38;5;64m[ADB][0m     C:\Users\Farid\.katalon\tools\android_sdk\build-tools\29.0.3
[38;5;64m[ADB][0m Using 'adb.exe' from 'C:\Users\Farid\.katalon\tools\android_sdk\platform-tools\adb.exe'
[38;5;48m[AndroidUiautomator2Driver@5e29 (76ab671b)][0m Retrieving device list
[38;5;48m[AndroidUiautomator2Driver@5e29 (76ab671b)][0m Using device: 976568980007
[38;5;64m[ADB][0m Using 'adb.exe' from 'C:\Users\Farid\.katalon\tools\android_sdk\platform-tools\adb.exe'
[38;5;32m[BaseDriver][0m Using local app 'C:\Users\Farid\Downloads\instagram-lite-397-0-0-0-107.apk'
[38;5;64m[ADB][0m Getting device platform version
[38;5;48m[AndroidUiautomator2Driver@5e29 (76ab671b)][0m Relaxing hidden api policy
[38;5;64m[ADB][0m Package name: 'com.instagram.lite'
[38;5;64m[ADB][0m Main activity name: 'com.facebook.lite.MainActivity'
[38;5;64m[ADB][0m Using 'apksigner.jar' from 'C:\Users\Farid\.katalon\tools\android_sdk\build-tools\29.0.3\lib\apksigner.jar'
[38;5;64m[ADB][0m 'C:\Users\Farid\.appium\node_modules\appium-uiautomator2-driver\node_modules\appium-uiautomator2-server\apks\appium-uiautomator2-server-debug-androidTest.apk' is signed with the default certificate
[38;5;64m[ADB][0m 'C:\Users\Farid\Downloads\instagram-lite-397-0-0-0-107.apk' is signed with a non-default certificate
[38;5;64m[ADB][0m The application at 'C:\Users\Farid\Downloads\instagram-lite-397-0-0-0-107.apk' will not be cached, because the device under test has confirmed the support of streamed installs
[38;5;64m[ADB][0m 'C:\Users\Farid\.appium\node_modules\appium-uiautomator2-driver\node_modules\appium-uiautomator2-server\apks\appium-uiautomator2-server-v7.0.1.apk' is signed with the default certificate
[38;5;48m[AndroidUiautomator2Driver@5e29 (76ab671b)][0m Server packages are not going to be (re)installed
[38;5;64m[ADB][0m Adding packages ["io.appium.settings","io.appium.uiautomator2.server","io.appium.uiautomator2.server.test"] to Doze whitelist
[38;5;64m[ADB][0m The installation of 'instagram-lite-397-0-0-0-107.apk' took 13676ms
[38;5;48m[AndroidUiautomator2Driver@5e29 (76ab671b)][0m Starting UIAutomator2 server 7.0.1
[38;5;48m[AndroidUiautomator2Driver@5e29 (76ab671b)][0m Using UIAutomator2 server from 'C:\Users\Farid\.appium\node_modules\appium-uiautomator2-driver\node_modules\appium-uiautomator2-server\apks\appium-uiautomator2-server-v7.0.1.apk' and test from 'C:\Users\Farid\.appium\node_modules\appium-uiautomator2-driver\node_modules\appium-uiautomator2-server\apks\appium-uiautomator2-server-debug-androidTest.apk'
[38;5;48m[AndroidUiautomator2Driver@5e29 (76ab671b)][0m Waiting up to 30000ms for UiAutomator2 to be online...
[38;5;48m[AndroidUiautomator2Driver@5e29 (76ab671b)][0m socket hang up
[38;5;48m[AndroidUiautomator2Driver@5e29 (76ab671b)][0m socket hang up
[38;5;48m[AndroidUiautomator2Driver@5e29 (76ab671b)][0m socket hang up
[38;5;48m[AndroidUiautomator2Driver@5e29 (76ab671b)][0m socket hang up
[38;5;48m[AndroidUiautomator2Driver@5e29 (76ab671b)][0m socket hang up
[38;5;48m[AndroidUiautomator2Driver@5e29 (76ab671b)][0m Determined the downstream protocol as 'W3C'
[38;5;48m[AndroidUiautomator2Driver@5e29 (76ab671b)][0m Screen already unlocked, doing nothing
[38;5;48m[AndroidUiautomator2Driver@5e29 (76ab671b)][0m Starting 'com.instagram.lite/com.facebook.lite.MainActivity and waiting for 'com.instagram.lite/com.facebook.lite.MainActivity'
[38;5;16m[AppiumDriver@acef][0m New AndroidUiautomator2Driver session created successfully, session 76ab671b-c653-4c5f-b0de-d2fd1890cf74 added to master session list
[38;5;0m[HTTP][0m [37m<-- POST /wd/hub/session [39m[32m200[39m [90m44460 ms - 1199[39m
[38;5;0m[HTTP][0m [90m[39m
[38;5;0m[HTTP][0m [37m-->[39m [37mGET[39m [37m/wd/hub/session/76ab671b-c653-4c5f-b0de-d2fd1890cf74[39m
[38;5;0m[HTTP][0m [90m{}[39m
[38;5;0m[HTTP][0m [37m<-- GET /wd/hub/session/76ab671b-c653-4c5f-b0de-d2fd1890cf74 [39m[32m200[39m [90m58 ms - 353[39m
[38;5;0m[HTTP][0m [90m[39m
[38;5;0m[HTTP][0m [37m-->[39m [37mGET[39m [37m/wd/hub/session/76ab671b-c653-4c5f-b0de-d2fd1890cf74[39m
[38;5;0m[HTTP][0m [90m{}[39m
[38;5;0m[HTTP][0m [37m<-- GET /wd/hub/session/76ab671b-c653-4c5f-b0de-d2fd1890cf74 [39m[32m200[39m [90m45 ms - 353[39m
[38;5;0m[HTTP][0m [90m[39m
[38;5;0m[HTTP][0m [37m-->[39m [37mGET[39m [37m/wd/hub/status[39m
[38;5;0m[HTTP][0m [90m{}[39m
[38;5;0m[HTTP][0m [37m<-- GET /wd/hub/status [39m[32m200[39m [90m12 ms - 110[39m
[38;5;0m[HTTP][0m [90m[39m
[38;5;0m[HTTP][0m [37m-->[39m [37mPOST[39m [37m/wd/hub/session/76ab671b-c653-4c5f-b0de-d2fd1890cf74/timeouts[39m
[38;5;0m[HTTP][0m [90m{"implicit":60000}[39m
[38;5;0m[HTTP][0m [37m<-- POST /wd/hub/session/76ab671b-c653-4c5f-b0de-d2fd1890cf74/timeouts [39m[32m200[39m [90m34 ms - 14[39m
[38;5;0m[HTTP][0m [90m[39m
[38;5;0m[HTTP][0m [37m-->[39m [37mGET[39m [37m/wd/hub/session/76ab671b-c653-4c5f-b0de-d2fd1890cf74/source[39m
[38;5;0m[HTTP][0m [90m{}[39m
[38;5;48m[AndroidUiautomator2Driver@5e29 (76ab671b)][0m Driver proxy active, passing request on via HTTP proxy
[38;5;48m[AndroidUiautomator2Driver@5e29 (76ab671b)][0m Replacing sessionId de444c68-20de-40ed-8081-9a8959ba6b48 with 76ab671b-c653-4c5f-b0de-d2fd1890cf74
[38;5;0m[HTTP][0m [37m<-- GET /wd/hub/session/76ab671b-c653-4c5f-b0de-d2fd1890cf74/source [39m[32m200[39m [90m10336 ms - 9002[39m
[38;5;0m[HTTP][0m [90m[39m
[38;5;0m[HTTP][0m [37m-->[39m [37mGET[39m [37m/wd/hub/session/76ab671b-c653-4c5f-b0de-d2fd1890cf74/screenshot[39m
[38;5;0m[HTTP][0m [90m{}[39m
[38;5;0m[HTTP][0m [37m<-- GET /wd/hub/session/76ab671b-c653-4c5f-b0de-d2fd1890cf74/screenshot [39m[32m200[39m [90m1014 ms - 45160[39m
[38;5;0m[HTTP][0m [90m[39m
[38;5;0m[HTTP][0m [37m-->[39m [37mPOST[39m [37m/wd/hub/session/76ab671b-c653-4c5f-b0de-d2fd1890cf74/elements[39m
[38;5;0m[HTTP][0m [90m{"using":"xpath","value":"//*[@class = 'android.view.View' and (@text = '' or . = '')]"}[39m
[38;5;0m[HTTP][0m [37m<-- POST /wd/hub/session/76ab671b-c653-4c5f-b0de-d2fd1890cf74/elements [39m[32m200[39m [90m11026 ms - 1035[39m
[38;5;0m[HTTP][0m [90m[39m
[38;5;0m[HTTP][0m [37m-->[39m [37mPOST[39m [37m/wd/hub/session/76ab671b-c653-4c5f-b0de-d2fd1890cf74/elements[39m
[38;5;0m[HTTP][0m [90m{"using":"-android uiautomator","value":"new UiSelector().className(\"android.view.View\")"}[39m
[38;5;0m[HTTP][0m [37m<-- POST /wd/hub/session/76ab671b-c653-4c5f-b0de-d2fd1890cf74/elements [39m[32m200[39m [90m100736 ms - 1035[39m
[38;5;0m[HTTP][0m [90m[39m
[38;5;0m[HTTP][0m [37m-->[39m [37mGET[39m [37m/wd/hub/session/76ab671b-c653-4c5f-b0de-d2fd1890cf74/window/rect[39m
[38;5;0m[HTTP][0m [90m{}[39m
[38;5;0m[HTTP][0m [37m<-- GET /wd/hub/session/76ab671b-c653-4c5f-b0de-d2fd1890cf74/window/rect [39m[32m200[39m [90m92 ms - 49[39m
[38;5;0m[HTTP][0m [90m[39m
[38;5;0m[HTTP][0m [37m-->[39m [37mPOST[39m [37m/wd/hub/session/76ab671b-c653-4c5f-b0de-d2fd1890cf74/elements[39m
[38;5;0m[HTTP][0m [90m{"using":"xpath","value":"//hierarchy/android.widget.FrameLayout[1]/android.widget.LinearLayout[1]/android.widget.FrameLayout[1]/android.widget.FrameLayout[1]/android.widget.FrameLayout[1]/android.view.ViewGroup[2]/android.view.ViewGroup[4]/android.view.View[1]"}[39m
[38;5;0m[HTTP][0m [37m<-- POST /wd/hub/session/76ab671b-c653-4c5f-b0de-d2fd1890cf74/elements [39m[32m200[39m [90m10230 ms - 139[39m
[38;5;0m[HTTP][0m [90m[39m
[38;5;0m[HTTP][0m [37m-->[39m [37mGET[39m [37m/wd/hub/session/76ab671b-c653-4c5f-b0de-d2fd1890cf74/element/00000000-0000-0041-ffff-ffff00000021/location[39m
[38;5;0m[HTTP][0m [90m{}[39m
[38;5;48m[AndroidUiautomator2Driver@5e29 (76ab671b)][0m Driver proxy active, passing request on via HTTP proxy
[38;5;48m[AndroidUiautomator2Driver@5e29 (76ab671b)][0m Replacing sessionId de444c68-20de-40ed-8081-9a8959ba6b48 with 76ab671b-c653-4c5f-b0de-d2fd1890cf74
[38;5;0m[HTTP][0m [37m<-- GET /wd/hub/session/76ab671b-c653-4c5f-b0de-d2fd1890cf74/element/00000000-0000-0041-ffff-ffff00000021/location [39m[32m200[39m [90m20167 ms - 78[39m
[38;5;0m[HTTP][0m [90m[39m
[38;5;0m[HTTP][0m [37m-->[39m [37mPOST[39m [37m/wd/hub/session/76ab671b-c653-4c5f-b0de-d2fd1890cf74/element/00000000-0000-0041-ffff-ffff00000021/click[39m
[38;5;0m[HTTP][0m [90m{"id":"00000000-0000-0041-ffff-ffff00000021"}[39m
[38;5;0m[HTTP][0m [37m<-- POST /wd/hub/session/76ab671b-c653-4c5f-b0de-d2fd1890cf74/element/00000000-0000-0041-ffff-ffff00000021/click [39m[32m200[39m [90m30394 ms - 14[39m
[38;5;0m[HTTP][0m [90m[39m
[38;5;0m[HTTP][0m [37m-->[39m [37mGET[39m [37m/wd/hub/session/76ab671b-c653-4c5f-b0de-d2fd1890cf74/source[39m
[38;5;0m[HTTP][0m [90m{}[39m
[38;5;48m[AndroidUiautomator2Driver@5e29 (76ab671b)][0m Driver proxy active, passing request on via HTTP proxy
[38;5;48m[AndroidUiautomator2Driver@5e29 (76ab671b)][0m Replacing sessionId de444c68-20de-40ed-8081-9a8959ba6b48 with 76ab671b-c653-4c5f-b0de-d2fd1890cf74
[38;5;0m[HTTP][0m [37m<-- GET /wd/hub/session/76ab671b-c653-4c5f-b0de-d2fd1890cf74/source [39m[32m200[39m [90m10336 ms - 10366[39m
[38;5;0m[HTTP][0m [90m[39m
[38;5;0m[HTTP][0m [37m-->[39m [37mGET[39m [37m/wd/hub/session/76ab671b-c653-4c5f-b0de-d2fd1890cf74/screenshot[39m
[38;5;0m[HTTP][0m [90m{}[39m
[38;5;0m[HTTP][0m [37m<-- GET /wd/hub/session/76ab671b-c653-4c5f-b0de-d2fd1890cf74/screenshot [39m[32m200[39m [90m698 ms - 86496[39m
[38;5;0m[HTTP][0m [90m[39m
[38;5;0m[HTTP][0m [37m-->[39m [37mPOST[39m [37m/wd/hub/session/76ab671b-c653-4c5f-b0de-d2fd1890cf74/elements[39m
[38;5;0m[HTTP][0m [90m{"using":"xpath","value":"//*[@class = 'android.widget.Button' and (@text = 'NONE OF THE ABOVE' or . = 'NONE OF THE ABOVE') and @resource-id = 'com.google.android.gms:id/cancel']"}[39m
[38;5;0m[HTTP][0m [37m<-- POST /wd/hub/session/76ab671b-c653-4c5f-b0de-d2fd1890cf74/elements [39m[32m200[39m [90m10283 ms - 139[39m
[38;5;0m[HTTP][0m [90m[39m
[38;5;0m[HTTP][0m [37m-->[39m [37mGET[39m [37m/wd/hub/session/76ab671b-c653-4c5f-b0de-d2fd1890cf74/window/rect[39m
[38;5;0m[HTTP][0m [90m{}[39m
[38;5;0m[HTTP][0m [37m<-- GET /wd/hub/session/76ab671b-c653-4c5f-b0de-d2fd1890cf74/window/rect [39m[32m200[39m [90m31 ms - 49[39m
[38;5;0m[HTTP][0m [90m[39m
[38;5;0m[HTTP][0m [37m-->[39m [37mPOST[39m [37m/wd/hub/session/76ab671b-c653-4c5f-b0de-d2fd1890cf74/elements[39m
[38;5;0m[HTTP][0m [90m{"using":"xpath","value":"//*[@class = 'android.widget.Button' and (@text = 'NONE OF THE ABOVE' or . = 'NONE OF THE ABOVE') and @resource-id = 'com.google.android.gms:id/cancel']"}[39m
[38;5;0m[HTTP][0m [37m<-- POST /wd/hub/session/76ab671b-c653-4c5f-b0de-d2fd1890cf74/elements [39m[32m200[39m [90m10230 ms - 139[39m
[38;5;0m[HTTP][0m [90m[39m
[38;5;0m[HTTP][0m [37m-->[39m [37mGET[39m [37m/wd/hub/session/76ab671b-c653-4c5f-b0de-d2fd1890cf74/element/00000000-0000-0042-ffff-ffff00000018/location[39m
[38;5;0m[HTTP][0m [90m{}[39m
[38;5;48m[AndroidUiautomator2Driver@5e29 (76ab671b)][0m Driver proxy active, passing request on via HTTP proxy
[38;5;48m[AndroidUiautomator2Driver@5e29 (76ab671b)][0m Replacing sessionId de444c68-20de-40ed-8081-9a8959ba6b48 with 76ab671b-c653-4c5f-b0de-d2fd1890cf74
[38;5;0m[HTTP][0m [37m<-- GET /wd/hub/session/76ab671b-c653-4c5f-b0de-d2fd1890cf74/element/00000000-0000-0042-ffff-ffff00000018/location [39m[32m200[39m [90m20204 ms - 77[39m
[38;5;0m[HTTP][0m [90m[39m
[38;5;0m[HTTP][0m [37m-->[39m [37mPOST[39m [37m/wd/hub/session/76ab671b-c653-4c5f-b0de-d2fd1890cf74/element/00000000-0000-0042-ffff-ffff00000018/click[39m
[38;5;0m[HTTP][0m [90m{"id":"00000000-0000-0042-ffff-ffff00000018"}[39m
[38;5;0m[HTTP][0m [37m<-- POST /wd/hub/session/76ab671b-c653-4c5f-b0de-d2fd1890cf74/element/00000000-0000-0042-ffff-ffff00000018/click [39m[32m200[39m [90m30215 ms - 14[39m
[38;5;0m[HTTP][0m [90m[39m
[38;5;0m[HTTP][0m [37m-->[39m [37mGET[39m [37m/wd/hub/session/76ab671b-c653-4c5f-b0de-d2fd1890cf74/source[39m
[38;5;0m[HTTP][0m [90m{}[39m
[38;5;48m[AndroidUiautomator2Driver@5e29 (76ab671b)][0m Driver proxy active, passing request on via HTTP proxy
[38;5;48m[AndroidUiautomator2Driver@5e29 (76ab671b)][0m Replacing sessionId de444c68-20de-40ed-8081-9a8959ba6b48 with 76ab671b-c653-4c5f-b0de-d2fd1890cf74
[38;5;0m[HTTP][0m [37m<-- GET /wd/hub/session/76ab671b-c653-4c5f-b0de-d2fd1890cf74/source [39m[32m200[39m [90m10287 ms - 10078[39m
[38;5;0m[HTTP][0m [90m[39m
[38;5;0m[HTTP][0m [37m-->[39m [37mGET[39m [37m/wd/hub/session/76ab671b-c653-4c5f-b0de-d2fd1890cf74/screenshot[39m
[38;5;0m[HTTP][0m [90m{}[39m
[38;5;0m[HTTP][0m [37m<-- GET /wd/hub/session/76ab671b-c653-4c5f-b0de-d2fd1890cf74/screenshot [39m[32m200[39m [90m853 ms - 81936[39m
[38;5;0m[HTTP][0m [90m[39m
[38;5;0m[HTTP][0m [37m-->[39m [37mPOST[39m [37m/wd/hub/session/76ab671b-c653-4c5f-b0de-d2fd1890cf74/elements[39m
[38;5;0m[HTTP][0m [90m{"using":"xpath","value":"//*[@class = 'android.widget.MultiAutoCompleteTextView' and (@text = '' or . = '')]"}[39m
[38;5;0m[HTTP][0m [37m<-- POST /wd/hub/session/76ab671b-c653-4c5f-b0de-d2fd1890cf74/elements [39m[32m200[39m [90m10213 ms - 267[39m
[38;5;0m[HTTP][0m [90m[39m
[38;5;0m[HTTP][0m [37m-->[39m [37mPOST[39m [37m/wd/hub/session/76ab671b-c653-4c5f-b0de-d2fd1890cf74/elements[39m
[38;5;0m[HTTP][0m [90m{"using":"-android uiautomator","value":"new UiSelector().className(\"android.widget.MultiAutoCompleteTextView\")"}[39m
[38;5;0m[HTTP][0m [37m<-- POST /wd/hub/session/76ab671b-c653-4c5f-b0de-d2fd1890cf74/elements [39m[32m200[39m [90m40359 ms - 267[39m
[38;5;0m[HTTP][0m [90m[39m
[38;5;0m[HTTP][0m [37m-->[39m [37mGET[39m [37m/wd/hub/session/76ab671b-c653-4c5f-b0de-d2fd1890cf74/window/rect[39m
[38;5;0m[HTTP][0m [90m{}[39m
[38;5;0m[HTTP][0m [37m<-- GET /wd/hub/session/76ab671b-c653-4c5f-b0de-d2fd1890cf74/window/rect [39m[32m200[39m [90m39 ms - 49[39m
[38;5;0m[HTTP][0m [90m[39m
[38;5;0m[HTTP][0m [37m-->[39m [37mPOST[39m [37m/wd/hub/session/76ab671b-c653-4c5f-b0de-d2fd1890cf74/elements[39m
[38;5;0m[HTTP][0m [90m{"using":"xpath","value":"//hierarchy/android.widget.FrameLayout[1]/android.widget.LinearLayout[1]/android.widget.FrameLayout[1]/android.widget.FrameLayout[1]/android.widget.FrameLayout[1]/android.view.ViewGroup[3]/android.widget.MultiAutoCompleteTextView[1]"}[39m
[38;5;0m[HTTP][0m [37m<-- POST /wd/hub/session/76ab671b-c653-4c5f-b0de-d2fd1890cf74/elements [39m[32m200[39m [90m10196 ms - 139[39m
[38;5;0m[HTTP][0m [90m[39m
[38;5;0m[HTTP][0m [37m-->[39m [37mGET[39m [37m/wd/hub/session/76ab671b-c653-4c5f-b0de-d2fd1890cf74/element/00000000-0000-0041-ffff-ffff00000029/location[39m
[38;5;0m[HTTP][0m [90m{}[39m
[38;5;48m[AndroidUiautomator2Driver@5e29 (76ab671b)][0m Driver proxy active, passing request on via HTTP proxy
[38;5;48m[AndroidUiautomator2Driver@5e29 (76ab671b)][0m Replacing sessionId de444c68-20de-40ed-8081-9a8959ba6b48 with 76ab671b-c653-4c5f-b0de-d2fd1890cf74
[38;5;0m[HTTP][0m [37m<-- GET /wd/hub/session/76ab671b-c653-4c5f-b0de-d2fd1890cf74/element/00000000-0000-0041-ffff-ffff00000029/location [39m[32m200[39m [90m20189 ms - 77[39m
[38;5;0m[HTTP][0m [90m[39m
[38;5;0m[HTTP][0m [37m-->[39m [37mPOST[39m [37m/wd/hub/session/76ab671b-c653-4c5f-b0de-d2fd1890cf74/element/00000000-0000-0041-ffff-ffff00000029/clear[39m
[38;5;0m[HTTP][0m [90m{"id":"00000000-0000-0041-ffff-ffff00000029"}[39m
[38;5;0m[HTTP][0m [37m<-- POST /wd/hub/session/76ab671b-c653-4c5f-b0de-d2fd1890cf74/element/00000000-0000-0041-ffff-ffff00000029/clear [39m[32m200[39m [90m20123 ms - 14[39m
[38;5;0m[HTTP][0m [90m[39m
[38;5;0m[HTTP][0m [37m-->[39m [37mPOST[39m [37m/wd/hub/session/76ab671b-c653-4c5f-b0de-d2fd1890cf74/element/00000000-0000-0041-ffff-ffff00000029/click[39m
[38;5;0m[HTTP][0m [90m{"id":"00000000-0000-0041-ffff-ffff00000029"}[39m
[38;5;0m[HTTP][0m [37m<-- POST /wd/hub/session/76ab671b-c653-4c5f-b0de-d2fd1890cf74/element/00000000-0000-0041-ffff-ffff00000029/click [39m[32m200[39m [90m30252 ms - 14[39m
[38;5;0m[HTTP][0m [90m[39m
[38;5;0m[HTTP][0m [37m-->[39m [37mPOST[39m [37m/wd/hub/session/76ab671b-c653-4c5f-b0de-d2fd1890cf74/element/00000000-0000-0041-ffff-ffff00000029/value[39m
[38;5;0m[HTTP][0m [90m{"id":"00000000-0000-0041-ffff-ffff00000029","text":"adit_yafarid","value":["a","d","i","t","_","y","a","f","a","r","i","d"]}[39m
[38;5;0m[HTTP][0m [37m<-- POST /wd/hub/session/76ab671b-c653-4c5f-b0de-d2fd1890cf74/element/00000000-0000-0041-ffff-ffff00000029/value [39m[32m200[39m [90m40398 ms - 14[39m
[38;5;0m[HTTP][0m [90m[39m
[38;5;0m[HTTP][0m [37m-->[39m [37mGET[39m [37m/wd/hub/session/76ab671b-c653-4c5f-b0de-d2fd1890cf74/source[39m
[38;5;0m[HTTP][0m [90m{}[39m
[38;5;48m[AndroidUiautomator2Driver@5e29 (76ab671b)][0m Driver proxy active, passing request on via HTTP proxy
[38;5;48m[AndroidUiautomator2Driver@5e29 (76ab671b)][0m Replacing sessionId de444c68-20de-40ed-8081-9a8959ba6b48 with 76ab671b-c653-4c5f-b0de-d2fd1890cf74
[38;5;0m[HTTP][0m [37m<-- GET /wd/hub/session/76ab671b-c653-4c5f-b0de-d2fd1890cf74/source [39m[32m200[39m [90m10191 ms - 10465[39m
[38;5;0m[HTTP][0m [90m[39m
[38;5;0m[HTTP][0m [37m-->[39m [37mGET[39m [37m/wd/hub/session/76ab671b-c653-4c5f-b0de-d2fd1890cf74/screenshot[39m
[38;5;0m[HTTP][0m [90m{}[39m
[38;5;0m[HTTP][0m [37m<-- GET /wd/hub/session/76ab671b-c653-4c5f-b0de-d2fd1890cf74/screenshot [39m[32m200[39m [90m1164 ms - 147680[39m
[38;5;0m[HTTP][0m [90m[39m
[38;5;0m[HTTP][0m [37m-->[39m [37mPOST[39m [37m/wd/hub/session/76ab671b-c653-4c5f-b0de-d2fd1890cf74/elements[39m
[38;5;0m[HTTP][0m [90m{"using":"xpath","value":"//*[@class = 'android.widget.MultiAutoCompleteTextView' and (@text = '' or . = '')]"}[39m
[38;5;0m[HTTP][0m [37m<-- POST /wd/hub/session/76ab671b-c653-4c5f-b0de-d2fd1890cf74/elements [39m[32m200[39m [90m10258 ms - 267[39m
[38;5;0m[HTTP][0m [90m[39m
[38;5;0m[HTTP][0m [37m-->[39m [37mPOST[39m [37m/wd/hub/session/76ab671b-c653-4c5f-b0de-d2fd1890cf74/elements[39m
[38;5;0m[HTTP][0m [90m{"using":"-android uiautomator","value":"new UiSelector().className(\"android.widget.MultiAutoCompleteTextView\")"}[39m
[38;5;0m[HTTP][0m [37m<-- POST /wd/hub/session/76ab671b-c653-4c5f-b0de-d2fd1890cf74/elements [39m[32m200[39m [90m40323 ms - 267[39m
[38;5;0m[HTTP][0m [90m[39m
[38;5;0m[HTTP][0m [37m-->[39m [37mGET[39m [37m/wd/hub/session/76ab671b-c653-4c5f-b0de-d2fd1890cf74/window/rect[39m
[38;5;0m[HTTP][0m [90m{}[39m
[38;5;0m[HTTP][0m [37m<-- GET /wd/hub/session/76ab671b-c653-4c5f-b0de-d2fd1890cf74/window/rect [39m[32m200[39m [90m33 ms - 49[39m
[38;5;0m[HTTP][0m [90m[39m
[38;5;0m[HTTP][0m [37m-->[39m [37mPOST[39m [37m/wd/hub/session/76ab671b-c653-4c5f-b0de-d2fd1890cf74/elements[39m
[38;5;0m[HTTP][0m [90m{"using":"xpath","value":"//hierarchy/android.widget.FrameLayout[1]/android.widget.LinearLayout[1]/android.widget.FrameLayout[1]/android.widget.FrameLayout[1]/android.widget.FrameLayout[1]/android.view.ViewGroup[1]/android.widget.MultiAutoCompleteTextView[2]"}[39m
[38;5;0m[HTTP][0m [37m<-- POST /wd/hub/session/76ab671b-c653-4c5f-b0de-d2fd1890cf74/elements [39m[32m200[39m [90m10239 ms - 139[39m
[38;5;0m[HTTP][0m [90m[39m
[38;5;0m[HTTP][0m [37m-->[39m [37mGET[39m [37m/wd/hub/session/76ab671b-c653-4c5f-b0de-d2fd1890cf74/element/00000000-0000-0041-ffff-ffff0000002a/location[39m
[38;5;0m[HTTP][0m [90m{}[39m
[38;5;48m[AndroidUiautomator2Driver@5e29 (76ab671b)][0m Driver proxy active, passing request on via HTTP proxy
[38;5;48m[AndroidUiautomator2Driver@5e29 (76ab671b)][0m Replacing sessionId de444c68-20de-40ed-8081-9a8959ba6b48 with 76ab671b-c653-4c5f-b0de-d2fd1890cf74
[38;5;0m[HTTP][0m [37m<-- GET /wd/hub/session/76ab671b-c653-4c5f-b0de-d2fd1890cf74/element/00000000-0000-0041-ffff-ffff0000002a/location [39m[32m200[39m [90m20241 ms - 77[39m
[38;5;0m[HTTP][0m [90m[39m
[38;5;0m[HTTP][0m [37m-->[39m [37mPOST[39m [37m/wd/hub/session/76ab671b-c653-4c5f-b0de-d2fd1890cf74/element/00000000-0000-0041-ffff-ffff0000002a/clear[39m
[38;5;0m[HTTP][0m [90m{"id":"00000000-0000-0041-ffff-ffff0000002a"}[39m
[38;5;0m[HTTP][0m [37m<-- POST /wd/hub/session/76ab671b-c653-4c5f-b0de-d2fd1890cf74/element/00000000-0000-0041-ffff-ffff0000002a/clear [39m[32m200[39m [90m20131 ms - 14[39m
[38;5;0m[HTTP][0m [90m[39m
[38;5;0m[HTTP][0m [37m-->[39m [37mPOST[39m [37m/wd/hub/session/76ab671b-c653-4c5f-b0de-d2fd1890cf74/element/00000000-0000-0041-ffff-ffff0000002a/click[39m
[38;5;0m[HTTP][0m [90m{"id":"00000000-0000-0041-ffff-ffff0000002a"}[39m
[38;5;0m[HTTP][0m [37m<-- POST /wd/hub/session/76ab671b-c653-4c5f-b0de-d2fd1890cf74/element/00000000-0000-0041-ffff-ffff0000002a/click [39m[32m200[39m [90m30372 ms - 14[39m
[38;5;0m[HTTP][0m [90m[39m
[38;5;0m[HTTP][0m [37m-->[39m [37mPOST[39m [37m/wd/hub/session/76ab671b-c653-4c5f-b0de-d2fd1890cf74/element/00000000-0000-0041-ffff-ffff0000002a/value[39m
[38;5;0m[HTTP][0m [90m{"id":"00000000-0000-0041-ffff-ffff0000002a","text":"hujanturunlagi9","value":["h","u","j","a","n","t","u","r","u","n","l","a","g","i","9"]}[39m
[38;5;0m[HTTP][0m [37m<-- POST /wd/hub/session/76ab671b-c653-4c5f-b0de-d2fd1890cf74/element/00000000-0000-0041-ffff-ffff0000002a/value [39m[32m200[39m [90m40203 ms - 14[39m
[38;5;0m[HTTP][0m [90m[39m
[38;5;0m[HTTP][0m [37m-->[39m [37mGET[39m [37m/wd/hub/session/76ab671b-c653-4c5f-b0de-d2fd1890cf74/source[39m
[38;5;0m[HTTP][0m [90m{}[39m
[38;5;48m[AndroidUiautomator2Driver@5e29 (76ab671b)][0m Driver proxy active, passing request on via HTTP proxy
[38;5;48m[AndroidUiautomator2Driver@5e29 (76ab671b)][0m Replacing sessionId de444c68-20de-40ed-8081-9a8959ba6b48 with 76ab671b-c653-4c5f-b0de-d2fd1890cf74
[38;5;0m[HTTP][0m [37m<-- GET /wd/hub/session/76ab671b-c653-4c5f-b0de-d2fd1890cf74/source [39m[32m200[39m [90m10238 ms - 10930[39m
[38;5;0m[HTTP][0m [90m[39m
[38;5;0m[HTTP][0m [37m-->[39m [37mGET[39m [37m/wd/hub/session/76ab671b-c653-4c5f-b0de-d2fd1890cf74/screenshot[39m
[38;5;0m[HTTP][0m [90m{}[39m
[38;5;0m[HTTP][0m [37m<-- GET /wd/hub/session/76ab671b-c653-4c5f-b0de-d2fd1890cf74/screenshot [39m[32m200[39m [90m709 ms - 144192[39m
[38;5;0m[HTTP][0m [90m[39m
[38;5;0m[HTTP][0m [37m-->[39m [37mPOST[39m [37m/wd/hub/session/76ab671b-c653-4c5f-b0de-d2fd1890cf74/elements[39m
[38;5;0m[HTTP][0m [90m{"using":"xpath","value":"//*[@class = 'android.view.ViewGroup' and (@text = '' or . = '')]"}[39m
[38;5;0m[HTTP][0m [37m<-- POST /wd/hub/session/76ab671b-c653-4c5f-b0de-d2fd1890cf74/elements [39m[32m200[39m [90m10209 ms - 1419[39m
[38;5;0m[HTTP][0m [90m[39m
[38;5;0m[HTTP][0m [37m-->[39m [37mPOST[39m [37m/wd/hub/session/76ab671b-c653-4c5f-b0de-d2fd1890cf74/elements[39m
[38;5;0m[HTTP][0m [90m{"using":"-android uiautomator","value":"new UiSelector().className(\"android.view.ViewGroup\")"}[39m
[38;5;0m[HTTP][0m [37m<-- POST /wd/hub/session/76ab671b-c653-4c5f-b0de-d2fd1890cf74/elements [39m[32m200[39m [90m130849 ms - 1419[39m
[38;5;0m[HTTP][0m [90m[39m
[38;5;0m[HTTP][0m [37m-->[39m [37mGET[39m [37m/wd/hub/session/76ab671b-c653-4c5f-b0de-d2fd1890cf74/window/rect[39m
[38;5;0m[HTTP][0m [90m{}[39m
[38;5;0m[HTTP][0m [37m<-- GET /wd/hub/session/76ab671b-c653-4c5f-b0de-d2fd1890cf74/window/rect [39m[32m200[39m [90m33 ms - 49[39m
[38;5;0m[HTTP][0m [90m[39m
[38;5;0m[HTTP][0m [37m-->[39m [37mPOST[39m [37m/wd/hub/session/76ab671b-c653-4c5f-b0de-d2fd1890cf74/elements[39m
[38;5;0m[HTTP][0m [90m{"using":"xpath","value":"//hierarchy/android.widget.FrameLayout[1]/android.widget.LinearLayout[1]/android.widget.FrameLayout[1]/android.widget.FrameLayout[1]/android.widget.FrameLayout[1]/android.view.ViewGroup[1]/android.view.ViewGroup[4]/android.view.ViewGroup[1]"}[39m
[38;5;0m[HTTP][0m [37m<-- POST /wd/hub/session/76ab671b-c653-4c5f-b0de-d2fd1890cf74/elements [39m[32m200[39m [90m10181 ms - 139[39m
[38;5;0m[HTTP][0m [90m[39m
[38;5;0m[HTTP][0m [37m-->[39m [37mGET[39m [37m/wd/hub/session/76ab671b-c653-4c5f-b0de-d2fd1890cf74/element/00000000-0000-0041-ffff-ffff00000031/location[39m
[38;5;0m[HTTP][0m [90m{}[39m
[38;5;48m[AndroidUiautomator2Driver@5e29 (76ab671b)][0m Driver proxy active, passing request on via HTTP proxy
[38;5;48m[AndroidUiautomator2Driver@5e29 (76ab671b)][0m Replacing sessionId de444c68-20de-40ed-8081-9a8959ba6b48 with 76ab671b-c653-4c5f-b0de-d2fd1890cf74
[38;5;0m[HTTP][0m [37m<-- GET /wd/hub/session/76ab671b-c653-4c5f-b0de-d2fd1890cf74/element/00000000-0000-0041-ffff-ffff00000031/location [39m[32m200[39m [90m20115 ms - 77[39m
[38;5;0m[HTTP][0m [90m[39m
[38;5;0m[HTTP][0m [37m-->[39m [37mPOST[39m [37m/wd/hub/session/76ab671b-c653-4c5f-b0de-d2fd1890cf74/element/00000000-0000-0041-ffff-ffff00000031/click[39m
[38;5;0m[HTTP][0m [90m{"id":"00000000-0000-0041-ffff-ffff00000031"}[39m
[38;5;0m[HTTP][0m [37m<-- POST /wd/hub/session/76ab671b-c653-4c5f-b0de-d2fd1890cf74/element/00000000-0000-0041-ffff-ffff00000031/click [39m[32m200[39m [90m26545 ms - 14[39m
[38;5;0m[HTTP][0m [90m[39m
[38;5;0m[HTTP][0m [37m-->[39m [37mGET[39m [37m/wd/hub/session/76ab671b-c653-4c5f-b0de-d2fd1890cf74/source[39m
[38;5;0m[HTTP][0m [90m{}[39m
[38;5;48m[AndroidUiautomator2Driver@5e29 (76ab671b)][0m Driver proxy active, passing request on via HTTP proxy
[38;5;48m[AndroidUiautomator2Driver@5e29 (76ab671b)][0m Replacing sessionId de444c68-20de-40ed-8081-9a8959ba6b48 with 76ab671b-c653-4c5f-b0de-d2fd1890cf74
[38;5;0m[HTTP][0m [37m<-- GET /wd/hub/session/76ab671b-c653-4c5f-b0de-d2fd1890cf74/source [39m[32m200[39m [90m10112 ms - 6187[39m
[38;5;0m[HTTP][0m [90m[39m
[38;5;0m[HTTP][0m [37m-->[39m [37mGET[39m [37m/wd/hub/session/76ab671b-c653-4c5f-b0de-d2fd1890cf74/screenshot[39m
[38;5;0m[HTTP][0m [90m{}[39m
[38;5;0m[HTTP][0m [37m<-- GET /wd/hub/session/76ab671b-c653-4c5f-b0de-d2fd1890cf74/screenshot [39m[32m200[39m [90m797 ms - 82636[39m
[38;5;0m[HTTP][0m [90m[39m
[38;5;0m[HTTP][0m [37m-->[39m [37mPOST[39m [37m/wd/hub/session/76ab671b-c653-4c5f-b0de-d2fd1890cf74/elements[39m
[38;5;0m[HTTP][0m [90m{"using":"xpath","value":"//*[@class = 'android.widget.Button' and (@text = 'NOT NOW' or . = 'NOT NOW') and @resource-id = 'android:id/autofill_save_no']"}[39m
[38;5;0m[HTTP][0m [37m<-- POST /wd/hub/session/76ab671b-c653-4c5f-b0de-d2fd1890cf74/elements [39m[32m200[39m [90m10213 ms - 139[39m
[38;5;0m[HTTP][0m [90m[39m
[38;5;0m[HTTP][0m [37m-->[39m [37mGET[39m [37m/wd/hub/session/76ab671b-c653-4c5f-b0de-d2fd1890cf74/window/rect[39m
[38;5;0m[HTTP][0m [90m{}[39m
[38;5;0m[HTTP][0m [37m<-- GET /wd/hub/session/76ab671b-c653-4c5f-b0de-d2fd1890cf74/window/rect [39m[32m200[39m [90m24 ms - 49[39m
[38;5;0m[HTTP][0m [90m[39m
[38;5;0m[HTTP][0m [37m-->[39m [37mPOST[39m [37m/wd/hub/session/76ab671b-c653-4c5f-b0de-d2fd1890cf74/elements[39m
[38;5;0m[HTTP][0m [90m{"using":"xpath","value":"//*[@class = 'android.widget.Button' and (@text = 'NOT NOW' or . = 'NOT NOW') and @resource-id = 'android:id/autofill_save_no']"}[39m
[38;5;0m[HTTP][0m [37m<-- POST /wd/hub/session/76ab671b-c653-4c5f-b0de-d2fd1890cf74/elements [39m[32m200[39m [90m10253 ms - 139[39m
[38;5;0m[HTTP][0m [90m[39m
[38;5;0m[HTTP][0m [37m-->[39m [37mGET[39m [37m/wd/hub/session/76ab671b-c653-4c5f-b0de-d2fd1890cf74/element/00000000-0000-0044-ffff-ffff000006c0/location[39m
[38;5;0m[HTTP][0m [90m{}[39m
[38;5;48m[AndroidUiautomator2Driver@5e29 (76ab671b)][0m Driver proxy active, passing request on via HTTP proxy
[38;5;48m[AndroidUiautomator2Driver@5e29 (76ab671b)][0m Replacing sessionId de444c68-20de-40ed-8081-9a8959ba6b48 with 76ab671b-c653-4c5f-b0de-d2fd1890cf74
[38;5;0m[HTTP][0m [37m<-- GET /wd/hub/session/76ab671b-c653-4c5f-b0de-d2fd1890cf74/element/00000000-0000-0044-ffff-ffff000006c0/location [39m[32m200[39m [90m20171 ms - 79[39m
[38;5;0m[HTTP][0m [90m[39m
[38;5;0m[HTTP][0m [37m-->[39m [37mPOST[39m [37m/wd/hub/session/76ab671b-c653-4c5f-b0de-d2fd1890cf74/element/00000000-0000-0044-ffff-ffff000006c0/click[39m
[38;5;0m[HTTP][0m [90m{"id":"00000000-0000-0044-ffff-ffff000006c0"}[39m
[38;5;0m[HTTP][0m [37m<-- POST /wd/hub/session/76ab671b-c653-4c5f-b0de-d2fd1890cf74/element/00000000-0000-0044-ffff-ffff000006c0/click [39m[32m200[39m [90m30194 ms - 14[39m
[38;5;0m[HTTP][0m [90m[39m
[38;5;0m[HTTP][0m [37m-->[39m [37mGET[39m [37m/wd/hub/session/76ab671b-c653-4c5f-b0de-d2fd1890cf74/source[39m
[38;5;0m[HTTP][0m [90m{}[39m
[38;5;48m[AndroidUiautomator2Driver@5e29 (76ab671b)][0m Driver proxy active, passing request on via HTTP proxy
[38;5;48m[AndroidUiautomator2Driver@5e29 (76ab671b)][0m Replacing sessionId de444c68-20de-40ed-8081-9a8959ba6b48 with 76ab671b-c653-4c5f-b0de-d2fd1890cf74
[38;5;0m[HTTP][0m [37m<-- GET /wd/hub/session/76ab671b-c653-4c5f-b0de-d2fd1890cf74/source [39m[32m200[39m [90m10215 ms - 6183[39m
[38;5;0m[HTTP][0m [90m[39m
[38;5;0m[HTTP][0m [37m-->[39m [37mGET[39m [37m/wd/hub/session/76ab671b-c653-4c5f-b0de-d2fd1890cf74/screenshot[39m
[38;5;0m[HTTP][0m [90m{}[39m
[38;5;0m[HTTP][0m [37m<-- GET /wd/hub/session/76ab671b-c653-4c5f-b0de-d2fd1890cf74/screenshot [39m[32m200[39m [90m632 ms - 78156[39m
[38;5;0m[HTTP][0m [90m[39m
[38;5;0m[HTTP][0m [37m-->[39m [37mPOST[39m [37m/wd/hub/session/76ab671b-c653-4c5f-b0de-d2fd1890cf74/elements[39m
[38;5;0m[HTTP][0m [90m{"using":"xpath","value":"//*[@class = 'android.view.View' and (@text = '' or . = '')]"}[39m
[38;5;0m[HTTP][0m [37m<-- POST /wd/hub/session/76ab671b-c653-4c5f-b0de-d2fd1890cf74/elements [39m[32m200[39m [90m10231 ms - 651[39m
[38;5;0m[HTTP][0m [90m[39m
[38;5;0m[HTTP][0m [37m-->[39m [37mPOST[39m [37m/wd/hub/session/76ab671b-c653-4c5f-b0de-d2fd1890cf74/elements[39m
[38;5;0m[HTTP][0m [90m{"using":"-android uiautomator","value":"new UiSelector().className(\"android.view.View\")"}[39m
[38;5;0m[HTTP][0m [37m<-- POST /wd/hub/session/76ab671b-c653-4c5f-b0de-d2fd1890cf74/elements [39m[32m200[39m [90m70513 ms - 651[39m
[38;5;0m[HTTP][0m [90m[39m
[38;5;0m[HTTP][0m [37m-->[39m [37mGET[39m [37m/wd/hub/session/76ab671b-c653-4c5f-b0de-d2fd1890cf74/window/rect[39m
[38;5;0m[HTTP][0m [90m{}[39m
[38;5;0m[HTTP][0m [37m<-- GET /wd/hub/session/76ab671b-c653-4c5f-b0de-d2fd1890cf74/window/rect [39m[32m200[39m [90m34 ms - 49[39m
[38;5;0m[HTTP][0m [90m[39m
[38;5;0m[HTTP][0m [37m-->[39m [37mPOST[39m [37m/wd/hub/session/76ab671b-c653-4c5f-b0de-d2fd1890cf74/elements[39m
[38;5;0m[HTTP][0m [90m{"using":"xpath","value":"//hierarchy/android.widget.FrameLayout[1]/android.widget.LinearLayout[1]/android.widget.FrameLayout[1]/android.widget.FrameLayout[1]/android.widget.FrameLayout[1]/android.view.ViewGroup[3]/android.view.ViewGroup[2]/android.view.View[1]"}[39m
[38;5;0m[HTTP][0m [37m<-- POST /wd/hub/session/76ab671b-c653-4c5f-b0de-d2fd1890cf74/elements [39m[32m200[39m [90m10189 ms - 139[39m
[38;5;0m[HTTP][0m [90m[39m
[38;5;0m[HTTP][0m [37m-->[39m [37mGET[39m [37m/wd/hub/session/76ab671b-c653-4c5f-b0de-d2fd1890cf74/element/00000000-0000-0041-ffff-ffff0000001a/location[39m
[38;5;0m[HTTP][0m [90m{}[39m
[38;5;48m[AndroidUiautomator2Driver@5e29 (76ab671b)][0m Driver proxy active, passing request on via HTTP proxy
[38;5;48m[AndroidUiautomator2Driver@5e29 (76ab671b)][0m Replacing sessionId de444c68-20de-40ed-8081-9a8959ba6b48 with 76ab671b-c653-4c5f-b0de-d2fd1890cf74
[38;5;0m[HTTP][0m [37m<-- GET /wd/hub/session/76ab671b-c653-4c5f-b0de-d2fd1890cf74/element/00000000-0000-0041-ffff-ffff0000001a/location [39m[32m200[39m [90m20162 ms - 79[39m
[38;5;0m[HTTP][0m [90m[39m
[38;5;0m[HTTP][0m [37m-->[39m [37mPOST[39m [37m/wd/hub/session/76ab671b-c653-4c5f-b0de-d2fd1890cf74/element/00000000-0000-0041-ffff-ffff0000001a/click[39m
[38;5;0m[HTTP][0m [90m{"id":"00000000-0000-0041-ffff-ffff0000001a"}[39m
[38;5;0m[HTTP][0m [37m<-- POST /wd/hub/session/76ab671b-c653-4c5f-b0de-d2fd1890cf74/element/00000000-0000-0041-ffff-ffff0000001a/click [39m[32m200[39m [90m30173 ms - 14[39m
[38;5;0m[HTTP][0m [90m[39m
[38;5;0m[HTTP][0m [37m-->[39m [37mGET[39m [37m/wd/hub/session/76ab671b-c653-4c5f-b0de-d2fd1890cf74/source[39m
[38;5;0m[HTTP][0m [90m{}[39m
[38;5;48m[AndroidUiautomator2Driver@5e29 (76ab671b)][0m Driver proxy active, passing request on via HTTP proxy
[38;5;48m[AndroidUiautomator2Driver@5e29 (76ab671b)][0m Replacing sessionId de444c68-20de-40ed-8081-9a8959ba6b48 with 76ab671b-c653-4c5f-b0de-d2fd1890cf74
[38;5;0m[HTTP][0m [37m<-- GET /wd/hub/session/76ab671b-c653-4c5f-b0de-d2fd1890cf74/source [39m[32m200[39m [90m10270 ms - 21672[39m
[38;5;0m[HTTP][0m [90m[39m
[38;5;0m[HTTP][0m [37m-->[39m [37mGET[39m [37m/wd/hub/session/76ab671b-c653-4c5f-b0de-d2fd1890cf74/screenshot[39m
[38;5;0m[HTTP][0m [90m{}[39m
[38;5;0m[HTTP][0m [37m<-- GET /wd/hub/session/76ab671b-c653-4c5f-b0de-d2fd1890cf74/screenshot [39m[32m200[39m [90m838 ms - 342472[39m
[38;5;0m[HTTP][0m [90m[39m
[38;5;0m[HTTP][0m [37m-->[39m [37mPOST[39m [37m/wd/hub/session/76ab671b-c653-4c5f-b0de-d2fd1890cf74/elements[39m
[38;5;0m[HTTP][0m [90m{"using":"xpath","value":"//*[@class = 'android.view.View' and (@text = '' or . = '')]"}[39m
[38;5;0m[HTTP][0m [37m<-- POST /wd/hub/session/76ab671b-c653-4c5f-b0de-d2fd1890cf74/elements [39m[32m200[39m [90m10297 ms - 2315[39m
[38;5;0m[HTTP][0m [90m[39m
[38;5;0m[HTTP][0m [37m-->[39m [37mPOST[39m [37m/wd/hub/session/76ab671b-c653-4c5f-b0de-d2fd1890cf74/elements[39m
[38;5;0m[HTTP][0m [90m{"using":"-android uiautomator","value":"new UiSelector().className(\"android.view.View\")"}[39m
[38;5;0m[HTTP][0m [37m<-- POST /wd/hub/session/76ab671b-c653-4c5f-b0de-d2fd1890cf74/elements [39m[32m200[39m [90m201470 ms - 2315[39m
[38;5;0m[HTTP][0m [90m[39m
[38;5;0m[HTTP][0m [37m-->[39m [37mGET[39m [37m/wd/hub/session/76ab671b-c653-4c5f-b0de-d2fd1890cf74/window/rect[39m
[38;5;0m[HTTP][0m [90m{}[39m
[38;5;0m[HTTP][0m [37m<-- GET /wd/hub/session/76ab671b-c653-4c5f-b0de-d2fd1890cf74/window/rect [39m[32m200[39m [90m56 ms - 49[39m
[38;5;0m[HTTP][0m [90m[39m
[38;5;0m[HTTP][0m [37m-->[39m [37mPOST[39m [37m/wd/hub/session/76ab671b-c653-4c5f-b0de-d2fd1890cf74/elements[39m
[38;5;0m[HTTP][0m [90m{"using":"xpath","value":"//hierarchy/android.widget.FrameLayout[1]/android.widget.LinearLayout[1]/android.widget.FrameLayout[1]/android.widget.FrameLayout[1]/android.widget.FrameLayout[1]/android.view.ViewGroup[3]/android.view.ViewGroup[7]/android.view.View[1]"}[39m
[38;5;0m[HTTP][0m [37m<-- POST /wd/hub/session/76ab671b-c653-4c5f-b0de-d2fd1890cf74/elements [39m[32m200[39m [90m10223 ms - 139[39m
[38;5;0m[HTTP][0m [90m[39m
[38;5;0m[HTTP][0m [37m-->[39m [37mGET[39m [37m/wd/hub/session/76ab671b-c653-4c5f-b0de-d2fd1890cf74/element/00000000-0000-0041-ffff-ffff00000051/location[39m
[38;5;0m[HTTP][0m [90m{}[39m
[38;5;48m[AndroidUiautomator2Driver@5e29 (76ab671b)][0m Driver proxy active, passing request on via HTTP proxy
[38;5;48m[AndroidUiautomator2Driver@5e29 (76ab671b)][0m Replacing sessionId de444c68-20de-40ed-8081-9a8959ba6b48 with 76ab671b-c653-4c5f-b0de-d2fd1890cf74
[38;5;0m[HTTP][0m [37m<-- GET /wd/hub/session/76ab671b-c653-4c5f-b0de-d2fd1890cf74/element/00000000-0000-0041-ffff-ffff00000051/location [39m[32m200[39m [90m20304 ms - 79[39m
[38;5;0m[HTTP][0m [90m[39m
[38;5;0m[HTTP][0m [37m-->[39m [37mPOST[39m [37m/wd/hub/session/76ab671b-c653-4c5f-b0de-d2fd1890cf74/element/00000000-0000-0041-ffff-ffff00000051/click[39m
[38;5;0m[HTTP][0m [90m{"id":"00000000-0000-0041-ffff-ffff00000051"}[39m
[38;5;0m[HTTP][0m [37m<-- POST /wd/hub/session/76ab671b-c653-4c5f-b0de-d2fd1890cf74/element/00000000-0000-0041-ffff-ffff00000051/click [39m[32m200[39m [90m30278 ms - 14[39m
[38;5;0m[HTTP][0m [90m[39m
[38;5;0m[HTTP][0m [37m-->[39m [37mGET[39m [37m/wd/hub/session/76ab671b-c653-4c5f-b0de-d2fd1890cf74/source[39m
[38;5;0m[HTTP][0m [90m{}[39m
[38;5;48m[AndroidUiautomator2Driver@5e29 (76ab671b)][0m Driver proxy active, passing request on via HTTP proxy
[38;5;48m[AndroidUiautomator2Driver@5e29 (76ab671b)][0m Replacing sessionId de444c68-20de-40ed-8081-9a8959ba6b48 with 76ab671b-c653-4c5f-b0de-d2fd1890cf74
[38;5;0m[HTTP][0m [37m<-- GET /wd/hub/session/76ab671b-c653-4c5f-b0de-d2fd1890cf74/source [39m[32m200[39m [90m10339 ms - 23517[39m
[38;5;0m[HTTP][0m [90m[39m
[38;5;0m[HTTP][0m [37m-->[39m [37mGET[39m [37m/wd/hub/session/76ab671b-c653-4c5f-b0de-d2fd1890cf74/screenshot[39m
[38;5;0m[HTTP][0m [90m{}[39m
[38;5;0m[HTTP][0m [37m<-- GET /wd/hub/session/76ab671b-c653-4c5f-b0de-d2fd1890cf74/screenshot [39m[32m200[39m [90m2396 ms - 1849744[39m
[38;5;0m[HTTP][0m [90m[39m
[38;5;0m[HTTP][0m [37m-->[39m [37mPOST[39m [37m/wd/hub/session/76ab671b-c653-4c5f-b0de-d2fd1890cf74/elements[39m
[38;5;0m[HTTP][0m [90m{"using":"xpath","value":"//*[@class = 'android.view.ViewGroup' and (@text = '' or . = '')]"}[39m
[38;5;0m[HTTP][0m [37m<-- POST /wd/hub/session/76ab671b-c653-4c5f-b0de-d2fd1890cf74/elements [39m[32m200[39m [90m10349 ms - 3339[39m
[38;5;0m[HTTP][0m [90m[39m
[38;5;0m[HTTP][0m [37m-->[39m [37mPOST[39m [37m/wd/hub/session/76ab671b-c653-4c5f-b0de-d2fd1890cf74/elements[39m
[38;5;0m[HTTP][0m [90m{"using":"-android uiautomator","value":"new UiSelector().className(\"android.view.ViewGroup\")"}[39m
[38;5;48m[AndroidUiautomator2Driver@5e29 (76ab671b)][0m AxiosError: timeout of 240000ms exceeded
[38;5;48m[AndroidUiautomator2Driver@5e29 (76ab671b)][0m     at RedirectableRequest.handleRequestTimeout (C:\Users\Farid\AppData\Roaming\npm\node_modules\appium\node_modules\axios\lib\adapters\http.js:647:16)
[38;5;48m[AndroidUiautomator2Driver@5e29 (76ab671b)][0m     at RedirectableRequest.emit (node:events:518:28)
[38;5;48m[AndroidUiautomator2Driver@5e29 (76ab671b)][0m     at Timeout.<anonymous> (C:\Users\Farid\AppData\Roaming\npm\node_modules\appium\node_modules\follow-redirects\index.js:210:12)
[38;5;48m[AndroidUiautomator2Driver@5e29 (76ab671b)][0m     at listOnTimeout (node:internal/timers:573:17)
[38;5;48m[AndroidUiautomator2Driver@5e29 (76ab671b)][0m     at processTimers (node:internal/timers:514:7)
[38;5;48m[AndroidUiautomator2Driver@5e29 (76ab671b)][0m     at Axios.request (C:\Users\Farid\AppData\Roaming\npm\node_modules\appium\node_modules\axios\lib\core\Axios.js:45:41)
[38;5;48m[AndroidUiautomator2Driver@5e29 (76ab671b)][0m     at runNextTicks (node:internal/process/task_queues:60:5)
[38;5;48m[AndroidUiautomator2Driver@5e29 (76ab671b)][0m     at listOnTimeout (node:internal/timers:540:9)
[38;5;48m[AndroidUiautomator2Driver@5e29 (76ab671b)][0m     at processTimers (node:internal/timers:514:7)
[38;5;48m[AndroidUiautomator2Driver@5e29 (76ab671b)][0m     at UIA2Proxy.request (C:\Users\Farid\AppData\Roaming\npm\node_modules\appium\node_modules\@appium\base-driver\lib\jsonwp-proxy\proxy.js:100:14)
[38;5;48m[AndroidUiautomator2Driver@5e29 (76ab671b)][0m     at UIA2Proxy.proxy (C:\Users\Farid\AppData\Roaming\npm\node_modules\appium\node_modules\@appium\base-driver\lib\jsonwp-proxy\proxy.js:234:39)
[38;5;48m[AndroidUiautomator2Driver@5e29 (76ab671b)][0m     at ProtocolConverter.convertAndProxy (C:\Users\Farid\AppData\Roaming\npm\node_modules\appium\node_modules\@appium\base-driver\lib\jsonwp-proxy\protocol-converter.js:266:12)
[38;5;48m[AndroidUiautomator2Driver@5e29 (76ab671b)][0m     at UIA2Proxy.proxyCommand (C:\Users\Farid\AppData\Roaming\npm\node_modules\appium\node_modules\@appium\base-driver\lib\jsonwp-proxy\proxy.js:336:12)
[38;5;48m[AndroidUiautomator2Driver@5e29 (76ab671b)][0m     at UIA2Proxy.proxyCommand (C:\Users\Farid\.appium\node_modules\appium-uiautomator2-driver\lib\uiautomator2.js:37:12)
[38;5;48m[AndroidUiautomator2Driver@5e29 (76ab671b)][0m     at UIA2Proxy.command (C:\Users\Farid\AppData\Roaming\npm\node_modules\appium\node_modules\@appium\base-driver\lib\jsonwp-proxy\proxy.js:350:32)
[38;5;48m[AndroidUiautomator2Driver@5e29 (76ab671b)][0m     at AndroidUiautomator2Driver.doFindElementOrEls (C:\Users\Farid\.appium\node_modules\appium-uiautomator2-driver\lib\commands\find.js:40:5)
[38;5;48m[AndroidUiautomator2Driver@5e29 (76ab671b)][0m     at doFind (C:\Users\Farid\.appium\node_modules\appium-uiautomator2-driver\node_modules\appium-android-driver\lib\commands\find.ts:47:17)
[38;5;48m[AndroidUiautomator2Driver@5e29 (76ab671b)][0m     at wrappedCondFn (C:\Users\Farid\AppData\Roaming\npm\node_modules\appium\node_modules\@appium\base-driver\lib\basedriver\commands\timeout.ts:137:14)
[38;5;48m[AndroidUiautomator2Driver@5e29 (76ab671b)][0m     at spin (C:\Users\Farid\AppData\Roaming\npm\node_modules\appium\node_modules\asyncbox\lib\asyncbox.js:219:20)
[38;5;48m[AndroidUiautomator2Driver@5e29 (76ab671b)][0m     at waitForCondition (C:\Users\Farid\AppData\Roaming\npm\node_modules\appium\node_modules\asyncbox\lib\asyncbox.js:236:10)
[38;5;48m[AndroidUiautomator2Driver@5e29 (76ab671b)][0m     at AndroidUiautomator2Driver.implicitWaitForCondition (C:\Users\Farid\AppData\Roaming\npm\node_modules\appium\node_modules\@appium\base-driver\lib\basedriver\commands\timeout.ts:139:12)
[38;5;48m[AndroidUiautomator2Driver@5e29 (76ab671b)][0m     at AndroidUiautomator2Driver.findElOrEls (C:\Users\Farid\.appium\node_modules\appium-uiautomator2-driver\node_modules\appium-android-driver\lib\commands\find.ts:70:5)
[38;5;48m[AndroidUiautomator2Driver@5e29 (76ab671b)][0m     at AndroidUiautomator2Driver.findElOrElsWithProcessing (C:\Users\Farid\AppData\Roaming\npm\node_modules\appium\node_modules\@appium\base-driver\lib\basedriver\commands\find.ts:60:12)
[38;5;48m[AndroidUiautomator2Driver@5e29 (76ab671b)][0m     at AndroidUiautomator2Driver.findElements (C:\Users\Farid\AppData\Roaming\npm\node_modules\appium\node_modules\@appium\base-driver\lib\basedriver\commands\find.ts:79:12)
[38;5;0m[HTTP][0m [37m<-- POST /wd/hub/session/76ab671b-c653-4c5f-b0de-d2fd1890cf74/elements [39m[31m500[39m [90m240952 ms - 2266[39m
[38;5;0m[HTTP][0m [90m[39m
[38;5;0m[HTTP][0m [37m-->[39m [37mDELETE[39m [37m/wd/hub/session/76ab671b-c653-4c5f-b0de-d2fd1890cf74[39m
[38;5;0m[HTTP][0m [90m{}[39m
[38;5;16m[AppiumDriver@acef][0m Removing session 76ab671b-c653-4c5f-b0de-d2fd1890cf74 from our master session list
[38;5;48m[AndroidUiautomator2Driver@5e29 (76ab671b)][0m Restoring hidden api policy to the device default configuration
[38;5;0m[HTTP][0m [37m<-- DELETE /wd/hub/session/76ab671b-c653-4c5f-b0de-d2fd1890cf74 [39m[32m200[39m [90m2135 ms - 14[39m
[38;5;0m[HTTP][0m [90m[39m
